<?xml version="1.0" encoding="UTF-8"?>
<!-- Generated by org.testng.reporters.JUnitReportReporter -->
<testsuite skipped="0" hostname="DESKTOP-FID49DI" name="com.testScript.SauceDemoUI_Test" tests="7" failures="0" timestamp="26 Feb 2022 07:30:12 GMT" time="16.528" errors="0">
  <testcase name="userName_Field_Displayed" time="3.217" classname="com.testScript.SauceDemoUI_Test"/>
  <testcase name="userName_Field_Enabled" time="2.410" classname="com.testScript.SauceDemoUI_Test"/>
  <testcase name="password_Field_Displayed" time="0.095" classname="com.testScript.SauceDemoUI_Test"/>
  <testcase name="password_Field_Enabled" time="0.035" classname="com.testScript.SauceDemoUI_Test"/>
  <testcase name="login_Field_Displayed" time="2.309" classname="com.testScript.SauceDemoUI_Test"/>
  <testcase name="login_Field_Enabled" time="0.028" classname="com.testScript.SauceDemoUI_Test"/>
  <testcase name="no_input_Check_validation" time="8.434" classname="com.testScript.SauceDemoUI_Test"/>
</testsuite> <!-- com.testScript.SauceDemoUI_Test -->
